0 info it worked if it ends with ok
1 verbose cli [ '/Users/oscaar/.nvm/versions/node/v6.9.5/bin/node',
1 verbose cli   '/Users/oscaar/.nvm/versions/node/v6.9.5/bin/npm',
1 verbose cli   'start' ]
2 info using npm@3.10.10
3 info using node@v6.9.5
4 verbose run-script [ 'prestart', 'start', 'poststart' ]
5 info lifecycle meantut01@0.0.0~prestart: meantut01@0.0.0
6 silly lifecycle meantut01@0.0.0~prestart: no script for prestart, continuing
7 info lifecycle meantut01@0.0.0~start: meantut01@0.0.0
8 verbose lifecycle meantut01@0.0.0~start: unsafe-perm in lifecycle true
9 verbose lifecycle meantut01@0.0.0~start: PATH: /Users/oscaar/.nvm/versions/node/v6.9.5/lib/node_modules/npm/bin/node-gyp-bin:/Users/oscaar/Documents/NodeJsProject/meantut01/node_modules/.bin:/Users/oscaar/mongodb/bin:/Users/oscaar/.nvm/versions/node/v6.9.5/bin:/usr/local/bin:/usr/bin:/bin:/usr/sbin:/sbin:/opt/X11/bin:/Volumes/USB DISK/Applications/microchip/xc16/v1.21/bin:/Applications/microchip/xc16/v1.21/bin
10 verbose lifecycle meantut01@0.0.0~start: CWD: /Users/oscaar/Documents/NodeJsProject/meantut01
11 silly lifecycle meantut01@0.0.0~start: Args: [ '-c', 'node ./bin/www' ]
12 silly lifecycle meantut01@0.0.0~start: Returned: code: 1  signal: null
13 info lifecycle meantut01@0.0.0~start: Failed to exec start script
14 verbose stack Error: meantut01@0.0.0 start: `node ./bin/www`
14 verbose stack Exit status 1
14 verbose stack     at EventEmitter.<anonymous> (/Users/oscaar/.nvm/versions/node/v6.9.5/lib/node_modules/npm/lib/utils/lifecycle.js:255:16)
14 verbose stack     at emitTwo (events.js:106:13)
14 verbose stack     at EventEmitter.emit (events.js:191:7)
14 verbose stack     at ChildProcess.<anonymous> (/Users/oscaar/.nvm/versions/node/v6.9.5/lib/node_modules/npm/lib/utils/spawn.js:40:14)
14 verbose stack     at emitTwo (events.js:106:13)
14 verbose stack     at ChildProcess.emit (events.js:191:7)
14 verbose stack     at maybeClose (internal/child_process.js:877:16)
14 verbose stack     at Process.ChildProcess._handle.onexit (internal/child_process.js:226:5)
15 verbose pkgid meantut01@0.0.0
16 verbose cwd /Users/oscaar/Documents/NodeJsProject/meantut01
17 error Darwin 14.5.0
18 error argv "/Users/oscaar/.nvm/versions/node/v6.9.5/bin/node" "/Users/oscaar/.nvm/versions/node/v6.9.5/bin/npm" "start"
19 error node v6.9.5
20 error npm  v3.10.10
21 error code ELIFECYCLE
22 error meantut01@0.0.0 start: `node ./bin/www`
22 error Exit status 1
23 error Failed at the meantut01@0.0.0 start script 'node ./bin/www'.
23 error Make sure you have the latest version of node.js and npm installed.
23 error If you do, this is most likely a problem with the meantut01 package,
23 error not with npm itself.
23 error Tell the author that this fails on your system:
23 error     node ./bin/www
23 error You can get information on how to open an issue for this project with:
23 error     npm bugs meantut01
23 error Or if that isn't available, you can get their info via:
23 error     npm owner ls meantut01
23 error There is likely additional logging output above.
24 verbose exit [ 1, true ]
